WARNING:selenium.webdriver.common.selenium_manager:Error sending stats to Plausible: error sending request for url (https://plausible.io/api/event)
INFO:__main__:✓ Selenium driver initialized
INFO:__main__:Scraping team cap data: https://www.spotrac.com/nfl/cap/2015/
INFO:__main__:  Headers (10): ['Rank', 'Team', 'Record', 'Players Active', 'Avg Age Team', 'Total Cap Allocations', 'Cap Space All', 'Active 53-Man', 'Reserves IR/PUP/NFI/SUSP', 'Dead Cap']
INFO:__main__:  ✓ Extracted 32 team records
INFO:__main__:  ✓ Total league dead money: $551.7M
INFO:__main__:  ✓ Avg per team: $17.2M
INFO:__main__:  ✓ All quality checks passed
INFO:__main__:✓ Saved 32 records to data/raw/spotrac_team_cap_2015_20251218_123315.csv
INFO:__main__:✓ Selenium driver initialized
INFO:__main__:Scraping player rankings (cap hit): https://www.spotrac.com/nfl/rankings/player/_/year/2015/sort/cap_total
ERROR:__main__:Failed to wait for table: Message: 
Stacktrace:
0   chromedriver                        0x0000000103352d7c cxxbridge1$str$ptr + 3028012
1   chromedriver                        0x000000010334ac3c cxxbridge1$str$ptr + 2994924
2   chromedriver                        0x0000000102e46b1c _RNvCsgXDX2mvAJAg_7___rustc35___rust_no_alloc_shim_is_unstable_v2 + 74196
3   chromedriver                        0x0000000102e8d9d8 _RNvCsgXDX2mvAJAg_7___rustc35___rust_no_alloc_shim_is_unstable_v2 + 364688
4   chromedriver                        0x0000000102ece978 _RNvCsgXDX2mvAJAg_7___rustc35___rust_no_alloc_shim_is_unstable_v2 + 630832
5   chromedriver                        0x0000000102e8217c _RNvCsgXDX2mvAJAg_7___rustc35___rust_no_alloc_shim_is_unstable_v2 + 317492
6   chromedriver                        0x00000001033172cc cxxbridge1$str$ptr + 2783612
7   chromedriver                        0x000000010331aa30 cxxbridge1$str$ptr + 2797792
8   chromedriver                        0x00000001032f7560 cxxbridge1$str$ptr + 2653200
9   chromedriver                        0x000000010331b2a0 cxxbridge1$str$ptr + 2799952
10  chromedriver                        0x00000001032e7f30 cxxbridge1$str$ptr + 2590176
11  chromedriver                        0x000000010333a1b8 cxxbridge1$str$ptr + 2926696
12  chromedriver                        0x000000010333a338 cxxbridge1$str$ptr + 2927080
13  chromedriver                        0x000000010334a894 cxxbridge1$str$ptr + 2993988
14  libsystem_pthread.dylib             0x000000018e767c0c _pthread_start + 136
15  libsystem_pthread.dylib             0x000000018e762b80 thread_start + 8

INFO:__main__:Found 0 tables in page
ERROR:__main__:Failed to scrape player rankings for 2015: Failed to load rankings table: Message: 
Stacktrace:
0   chromedriver                        0x0000000103352d7c cxxbridge1$str$ptr + 3028012
1   chromedriver                        0x000000010334ac3c cxxbridge1$str$ptr + 2994924
2   chromedriver                        0x0000000102e46b1c _RNvCsgXDX2mvAJAg_7___rustc35___rust_no_alloc_shim_is_unstable_v2 + 74196
3   chromedriver                        0x0000000102e8d9d8 _RNvCsgXDX2mvAJAg_7___rustc35___rust_no_alloc_shim_is_unstable_v2 + 364688
4   chromedriver                        0x0000000102ece978 _RNvCsgXDX2mvAJAg_7___rustc35___rust_no_alloc_shim_is_unstable_v2 + 630832
5   chromedriver                        0x0000000102e8217c _RNvCsgXDX2mvAJAg_7___rustc35___rust_no_alloc_shim_is_unstable_v2 + 317492
6   chromedriver                        0x00000001033172cc cxxbridge1$str$ptr + 2783612
7   chromedriver                        0x000000010331aa30 cxxbridge1$str$ptr + 2797792
8   chromedriver                        0x00000001032f7560 cxxbridge1$str$ptr + 2653200
9   chromedriver                        0x000000010331b2a0 cxxbridge1$str$ptr + 2799952
10  chromedriver                        0x00000001032e7f30 cxxbridge1$str$ptr + 2590176
11  chromedriver                        0x000000010333a1b8 cxxbridge1$str$ptr + 2926696
12  chromedriver                        0x000000010333a338 cxxbridge1$str$ptr + 2927080
13  chromedriver                        0x000000010334a894 cxxbridge1$str$ptr + 2993988
14  libsystem_pthread.dylib             0x000000018e767c0c _pthread_start + 136
15  libsystem_pthread.dylib             0x000000018e762b80 thread_start + 8

INFO:__main__:✓ Selenium driver initialized
INFO:__main__:Scraping team cap data: https://www.spotrac.com/nfl/cap/2016/
